{"total": {"lines":{"total":52,"covered":46,"skipped":0,"pct":88.46},"statements":{"total":71,"covered":61,"skipped":0,"pct":85.91},"functions":{"total":25,"covered":20,"skipped":0,"pct":80},"branches":{"total":12,"covered":9,"skipped":0,"pct":75},"branchesTrue":{"total":0,"covered":0,"skipped":0,"pct":100}}
,"D:/project/React-cypress/react-cypress-cucumber/src/App.jsx": {"lines":{"total":15,"covered":14,"skipped":0,"pct":93.33},"functions":{"total":7,"covered":7,"skipped":0,"pct":100},"statements":{"total":20,"covered":19,"skipped":0,"pct":95},"branches":{"total":2,"covered":1,"skipped":0,"pct":50}}
,"D:/project/React-cypress/react-cypress-cucumber/src/ForgotPassword.jsx": {"lines":{"total":6,"covered":4,"skipped":0,"pct":66.66},"functions":{"total":3,"covered":0,"skipped":0,"pct":0},"statements":{"total":10,"covered":4,"skipped":0,"pct":40},"branches":{"total":2,"covered":0,"skipped":0,"pct":0}}
,"D:/project/React-cypress/react-cypress-cucumber/src/Header.jsx": {"lines":{"total":10,"covered":8,"skipped":0,"pct":80},"functions":{"total":6,"covered":5,"skipped":0,"pct":83.33},"statements":{"total":16,"covered":14,"skipped":0,"pct":87.5},"branches":{"total":2,"covered":2,"skipped":0,"pct":100}}
,"D:/project/React-cypress/react-cypress-cucumber/src/ListItem.jsx": {"lines":{"total":3,"covered":3,"skipped":0,"pct":100},"functions":{"total":1,"covered":1,"skipped":0,"pct":100},"statements":{"total":3,"covered":3,"skipped":0,"pct":100},"branches":{"total":2,"covered":2,"skipped":0,"pct":100}}
,"D:/project/React-cypress/react-cypress-cucumber/src/Login.jsx": {"lines":{"total":10,"covered":10,"skipped":0,"pct":100},"functions":{"total":4,"covered":4,"skipped":0,"pct":100},"statements":{"total":14,"covered":14,"skipped":0,"pct":100},"branches":{"total":4,"covered":4,"skipped":0,"pct":100}}
,"D:/project/React-cypress/react-cypress-cucumber/src/main.jsx": {"lines":{"total":2,"covered":2,"skipped":0,"pct":100},"functions":{"total":0,"covered":0,"skipped":0,"pct":100},"statements":{"total":2,"covered":2,"skipped":0,"pct":100},"branches":{"total":0,"covered":0,"skipped":0,"pct":100}}
,"D:/project/React-cypress/react-cypress-cucumber/src/store/index.js": {"lines":{"total":5,"covered":4,"skipped":0,"pct":80},"functions":{"total":4,"covered":3,"skipped":0,"pct":75},"statements":{"total":5,"covered":4,"skipped":0,"pct":80},"branches":{"total":0,"covered":0,"skipped":0,"pct":100}}
,"D:/project/React-cypress/react-cypress-cucumber/src/store/projects.js": {"lines":{"total":1,"covered":1,"skipped":0,"pct":100},"functions":{"total":0,"covered":0,"skipped":0,"pct":100},"statements":{"total":1,"covered":1,"skipped":0,"pct":100},"branches":{"total":0,"covered":0,"skipped":0,"pct":100}}
}
