{"D:/project/React-cypress/react-cypress-cucumber/src/App.jsx": {"path":"D:/project/React-cypress/react-cypress-cucumber/src/App.jsx","statementMap":{"0":{"start":{"line":7,"column":15},"end":{"line":7,"column":null}},"1":{"start":{"line":8,"column":28},"end":{"line":8,"column":null}},"2":{"start":{"line":9,"column":21},"end":{"line":9,"column":null}},"3":{"start":{"line":9,"column":44},"end":{"line":9,"column":60}},"4":{"start":{"line":10,"column":19},"end":{"line":10,"column":null}},"5":{"start":{"line":11,"column":19},"end":{"line":11,"column":null}},"6":{"start":{"line":11,"column":42},"end":{"line":11,"column":56}},"7":{"start":{"line":12,"column":22},"end":{"line":12,"column":null}},"8":{"start":{"line":12,"column":45},"end":{"line":12,"column":62}},"9":{"start":{"line":13,"column":2},"end":{"line":13,"column":null}},"10":{"start":{"line":14,"column":2},"end":{"line":20,"column":null}},"11":{"start":{"line":15,"column":4},"end":{"line":19,"column":null}},"12":{"start":{"line":16,"column":6},"end":{"line":16,"column":null}},"13":{"start":{"line":18,"column":6},"end":{"line":18,"column":null}},"14":{"start":{"line":22,"column":2},"end":{"line":30,"column":null}},"15":{"start":{"line":27,"column":12},"end":{"line":27,"column":null}},"16":{"start":{"line":33,"column":1},"end":{"line":12,"column":35}},"17":{"start":{"line":7,"column":12},"end":{"line":12,"column":35}},"18":{"start":{"line":12,"column":33},"end":{"line":7,"column":12}},"19":{"start":{"line":35,"column":19},"end":{"line":35,"column":null}}},"fnMap":{"0":{"name":"App","decl":{"start":{"line":7,"column":9},"end":{"line":7,"column":12}},"loc":{"start":{"line":7,"column":15},"end":{"line":33,"column":1}}},"1":{"name":"(anonymous_2)","decl":{"start":{"line":9,"column":34},"end":{"line":9,"column":44}},"loc":{"start":{"line":9,"column":44},"end":{"line":9,"column":60}}},"2":{"name":"(anonymous_3)","decl":{"start":{"line":11,"column":32},"end":{"line":11,"column":42}},"loc":{"start":{"line":11,"column":42},"end":{"line":11,"column":56}}},"3":{"name":"(anonymous_4)","decl":{"start":{"line":12,"column":35},"end":{"line":12,"column":45}},"loc":{"start":{"line":12,"column":45},"end":{"line":12,"column":62}}},"4":{"name":"(anonymous_5)","decl":{"start":{"line":14,"column":12},"end":{"line":14,"column":18}},"loc":{"start":{"line":14,"column":18},"end":{"line":20,"column":5}}},"5":{"name":"(anonymous_6)","decl":{"start":{"line":26,"column":25},"end":{"line":26,"column":null}},"loc":{"start":{"line":27,"column":12},"end":{"line":27,"column":null}}},"6":{"name":"(anonymous_7)","decl":{"start":{"line":7,"column":12},"end":{"line":7,"column":15}},"loc":{"start":{"line":7,"column":12},"end":{"line":12,"column":35}}}},"branchMap":{"0":{"loc":{"start":{"line":15,"column":4},"end":{"line":19,"column":null}},"type":"if","locations":[{"start":{"line":15,"column":4},"end":{"line":19,"column":null}},{"start":{"line":17,"column":11},"end":{"line":19,"column":null}}]}},"s":{"0":10,"1":10,"2":8,"3":10,"4":8,"5":8,"6":10,"7":8,"8":10,"9":8,"10":8,"11":2,"12":0,"13":2,"14":8,"15":112,"16":5,"17":2,"18":5,"19":5},"f":{"0":10,"1":10,"2":10,"3":10,"4":2,"5":112,"6":2},"b":{"0":[0,2]}}
,"D:/project/React-cypress/react-cypress-cucumber/src/ForgotPassword.jsx": {"path":"D:/project/React-cypress/react-cypress-cucumber/src/ForgotPassword.jsx","statementMap":{"0":{"start":{"line":3,"column":23},"end":{"line":45,"column":1}},"1":{"start":{"line":3,"column":29},"end":{"line":3,"column":null}},"2":{"start":{"line":4,"column":67},"end":{"line":4,"column":null}},"3":{"start":{"line":5,"column":19},"end":{"line":5,"column":null}},"4":{"start":{"line":5,"column":27},"end":{"line":5,"column":null}},"5":{"start":{"line":6,"column":2},"end":{"line":42,"column":null}},"6":{"start":{"line":45,"column":1},"end":{"line":4,"column":null}},"7":{"start":{"line":3,"column":20},"end":{"line":4,"column":null}},"8":{"start":{"line":4,"column":74},"end":{"line":3,"column":20}},"9":{"start":{"line":47,"column":30},"end":{"line":47,"column":null}}},"fnMap":{"0":{"name":"(anonymous_1)","decl":{"start":{"line":3,"column":23},"end":{"line":3,"column":29}},"loc":{"start":{"line":3,"column":29},"end":{"line":45,"column":1}}},"1":{"name":"(anonymous_2)","decl":{"start":{"line":5,"column":19},"end":{"line":5,"column":27}},"loc":{"start":{"line":5,"column":27},"end":{"line":5,"column":null}}},"2":{"name":"(anonymous_3)","decl":{"start":{"line":3,"column":20},"end":{"line":3,"column":23}},"loc":{"start":{"line":3,"column":20},"end":{"line":4,"column":null}}}},"branchMap":{"0":{"loc":{"start":{"line":28,"column":17},"end":{"line":28,"column":109}},"type":"binary-expr","locations":[{"start":{"line":28,"column":17},"end":{"line":28,"column":33}},{"start":{"line":28,"column":33},"end":{"line":28,"column":109}}]}},"s":{"0":5,"1":0,"2":0,"3":0,"4":0,"5":0,"6":5,"7":0,"8":5,"9":5},"f":{"0":0,"1":0,"2":0},"b":{"0":[0,0]}}
,"D:/project/React-cypress/react-cypress-cucumber/src/Header.jsx": {"path":"D:/project/React-cypress/react-cypress-cucumber/src/Header.jsx","statementMap":{"0":{"start":{"line":5,"column":15},"end":{"line":35,"column":1}},"1":{"start":{"line":5,"column":21},"end":{"line":5,"column":null}},"2":{"start":{"line":6,"column":22},"end":{"line":6,"column":null}},"3":{"start":{"line":6,"column":43},"end":{"line":6,"column":60}},"4":{"start":{"line":7,"column":21},"end":{"line":7,"column":null}},"5":{"start":{"line":7,"column":42},"end":{"line":7,"column":58}},"6":{"start":{"line":8,"column":17},"end":{"line":8,"column":null}},"7":{"start":{"line":8,"column":38},"end":{"line":8,"column":50}},"8":{"start":{"line":9,"column":19},"end":{"line":9,"column":null}},"9":{"start":{"line":10,"column":2},"end":{"line":32,"column":null}},"10":{"start":{"line":23,"column":16},"end":{"line":23,"column":null}},"11":{"start":{"line":24,"column":16},"end":{"line":24,"column":null}},"12":{"start":{"line":35,"column":1},"end":{"line":9,"column":null}},"13":{"start":{"line":5,"column":12},"end":{"line":9,"column":null}},"14":{"start":{"line":9,"column":30},"end":{"line":5,"column":12}},"15":{"start":{"line":37,"column":22},"end":{"line":37,"column":null}}},"fnMap":{"0":{"name":"(anonymous_1)","decl":{"start":{"line":5,"column":15},"end":{"line":5,"column":21}},"loc":{"start":{"line":5,"column":21},"end":{"line":35,"column":1}}},"1":{"name":"(anonymous_2)","decl":{"start":{"line":6,"column":34},"end":{"line":6,"column":43}},"loc":{"start":{"line":6,"column":43},"end":{"line":6,"column":60}}},"2":{"name":"(anonymous_3)","decl":{"start":{"line":7,"column":33},"end":{"line":7,"column":42}},"loc":{"start":{"line":7,"column":42},"end":{"line":7,"column":58}}},"3":{"name":"(anonymous_4)","decl":{"start":{"line":8,"column":29},"end":{"line":8,"column":38}},"loc":{"start":{"line":8,"column":38},"end":{"line":8,"column":50}}},"4":{"name":"(anonymous_5)","decl":{"start":{"line":22,"column":23},"end":{"line":22,"column":29}},"loc":{"start":{"line":22,"column":29},"end":{"line":25,"column":null}}},"5":{"name":"(anonymous_6)","decl":{"start":{"line":5,"column":12},"end":{"line":5,"column":15}},"loc":{"start":{"line":5,"column":12},"end":{"line":9,"column":null}}}},"branchMap":{"0":{"loc":{"start":{"line":15,"column":9},"end":{"line":29,"column":null}},"type":"binary-expr","locations":[{"start":{"line":15,"column":9},"end":{"line":15,"column":null}},{"start":{"line":16,"column":10},"end":{"line":29,"column":null}}]}},"s":{"0":5,"1":18,"2":18,"3":22,"4":18,"5":22,"6":18,"7":22,"8":18,"9":18,"10":0,"11":0,"12":5,"13":5,"14":5,"15":5},"f":{"0":18,"1":22,"2":22,"3":22,"4":0,"5":5},"b":{"0":[18,8]}}
,"D:/project/React-cypress/react-cypress-cucumber/src/ListItem.jsx": {"path":"D:/project/React-cypress/react-cypress-cucumber/src/ListItem.jsx","statementMap":{"0":{"start":{"line":4,"column":2},"end":{"line":78,"column":null}},"1":{"start":{"line":81,"column":1},"end":{"line":3,"column":32}},"2":{"start":{"line":3,"column":32},"end":{"line":3,"column":33}}},"fnMap":{"0":{"name":"ListItem","decl":{"start":{"line":3,"column":24},"end":{"line":3,"column":32}},"loc":{"start":{"line":3,"column":43},"end":{"line":81,"column":1}}}},"branchMap":{"0":{"loc":{"start":{"line":32,"column":15},"end":{"line":32,"column":49}},"type":"binary-expr","locations":[{"start":{"line":32,"column":15},"end":{"line":32,"column":37}},{"start":{"line":32,"column":37},"end":{"line":32,"column":49}}]}},"s":{"0":112,"1":5,"2":5},"f":{"0":112},"b":{"0":[112,108]}}
,"D:/project/React-cypress/react-cypress-cucumber/src/Login.jsx": {"path":"D:/project/React-cypress/react-cypress-cucumber/src/Login.jsx","statementMap":{"0":{"start":{"line":7,"column":14},"end":{"line":126,"column":1}},"1":{"start":{"line":7,"column":20},"end":{"line":7,"column":null}},"2":{"start":{"line":8,"column":60},"end":{"line":8,"column":null}},"3":{"start":{"line":9,"column":19},"end":{"line":9,"column":null}},"4":{"start":{"line":10,"column":20},"end":{"line":13,"column":null}},"5":{"start":{"line":11,"column":4},"end":{"line":11,"column":null}},"6":{"start":{"line":12,"column":4},"end":{"line":12,"column":null}},"7":{"start":{"line":14,"column":16},"end":{"line":14,"column":null}},"8":{"start":{"line":14,"column":37},"end":{"line":14,"column":48}},"9":{"start":{"line":15,"column":2},"end":{"line":123,"column":null}},"10":{"start":{"line":126,"column":1},"end":{"line":14,"column":28}},"11":{"start":{"line":7,"column":11},"end":{"line":14,"column":28}},"12":{"start":{"line":14,"column":27},"end":{"line":7,"column":11}},"13":{"start":{"line":128,"column":21},"end":{"line":128,"column":null}}},"fnMap":{"0":{"name":"(anonymous_1)","decl":{"start":{"line":7,"column":14},"end":{"line":7,"column":20}},"loc":{"start":{"line":7,"column":20},"end":{"line":126,"column":1}}},"1":{"name":"(anonymous_2)","decl":{"start":{"line":10,"column":20},"end":{"line":10,"column":29}},"loc":{"start":{"line":10,"column":29},"end":{"line":13,"column":null}}},"2":{"name":"(anonymous_3)","decl":{"start":{"line":14,"column":28},"end":{"line":14,"column":37}},"loc":{"start":{"line":14,"column":37},"end":{"line":14,"column":48}}},"3":{"name":"(anonymous_4)","decl":{"start":{"line":7,"column":11},"end":{"line":7,"column":14}},"loc":{"start":{"line":7,"column":11},"end":{"line":14,"column":28}}}},"branchMap":{"0":{"loc":{"start":{"line":48,"column":17},"end":{"line":54,"column":null}},"type":"binary-expr","locations":[{"start":{"line":48,"column":17},"end":{"line":48,"column":null}},{"start":{"line":49,"column":18},"end":{"line":54,"column":null}}]},"1":{"loc":{"start":{"line":69,"column":17},"end":{"line":75,"column":null}},"type":"binary-expr","locations":[{"start":{"line":69,"column":17},"end":{"line":69,"column":null}},{"start":{"line":70,"column":18},"end":{"line":75,"column":null}}]}},"s":{"0":5,"1":20,"2":20,"3":20,"4":20,"5":2,"6":2,"7":20,"8":22,"9":20,"10":5,"11":5,"12":5,"13":5},"f":{"0":20,"1":2,"2":22,"3":5},"b":{"0":[20,4],"1":[20,2]}}
,"D:/project/React-cypress/react-cypress-cucumber/src/main.jsx": {"path":"D:/project/React-cypress/react-cypress-cucumber/src/main.jsx","statementMap":{"0":{"start":{"line":10,"column":16},"end":{"line":10,"column":null}},"1":{"start":{"line":12,"column":0},"end":{"line":26,"column":null}}},"fnMap":{},"branchMap":{},"s":{"0":5,"1":5},"f":{},"b":{}}
,"D:/project/React-cypress/react-cypress-cucumber/src/store/index.js": {"path":"D:/project/React-cypress/react-cypress-cucumber/src/store/index.js","statementMap":{"0":{"start":{"line":6,"column":27},"end":{"line":30,"column":1}},"1":{"start":{"line":8,"column":14},"end":{"line":25,"column":5}},"2":{"start":{"line":13,"column":8},"end":{"line":13,"column":67}},"3":{"start":{"line":14,"column":20},"end":{"line":14,"column":79}},"4":{"start":{"line":23,"column":8},"end":{"line":23,"column":36}}},"fnMap":{"0":{"name":"(anonymous_0)","decl":{"start":{"line":8,"column":4},"end":{"line":8,"column":5}},"loc":{"start":{"line":8,"column":14},"end":{"line":25,"column":5}}},"1":{"name":"(anonymous_1)","decl":{"start":{"line":12,"column":13},"end":{"line":12,"column":14}},"loc":{"start":{"line":13,"column":8},"end":{"line":13,"column":67}}},"2":{"name":"(anonymous_2)","decl":{"start":{"line":14,"column":14},"end":{"line":14,"column":15}},"loc":{"start":{"line":14,"column":20},"end":{"line":14,"column":79}}},"3":{"name":"(anonymous_3)","decl":{"start":{"line":15,"column":19},"end":{"line":15,"column":20}},"loc":{"start":{"line":15,"column":31},"end":{"line":24,"column":7}}}},"branchMap":{},"s":{"0":5,"1":5,"2":2,"3":0,"4":2},"f":{"0":5,"1":2,"2":0,"3":2},"b":{}}
,"D:/project/React-cypress/react-cypress-cucumber/src/store/projects.js": {"path":"D:/project/React-cypress/react-cypress-cucumber/src/store/projects.js","statementMap":{"0":{"start":{"line":1,"column":24},"end":{"line":2815,"column":null}}},"fnMap":{},"branchMap":{},"s":{"0":5},"f":{},"b":{}}
}
