TN:
SF:src\App.jsx
FN:7,App
FN:9,(anonymous_2)
FN:11,(anonymous_3)
FN:12,(anonymous_4)
FN:14,(anonymous_5)
FN:26,(anonymous_6)
FN:7,(anonymous_7)
FNF:7
FNH:7
FNDA:10,App
FNDA:10,(anonymous_2)
FNDA:10,(anonymous_3)
FNDA:10,(anonymous_4)
FNDA:2,(anonymous_5)
FNDA:112,(anonymous_6)
FNDA:2,(anonymous_7)
DA:7,10
DA:8,10
DA:9,10
DA:10,8
DA:11,10
DA:12,10
DA:13,8
DA:14,8
DA:15,2
DA:16,0
DA:18,2
DA:22,8
DA:27,112
DA:33,5
DA:35,5
LF:15
LH:14
BRDA:15,0,0,0
BRDA:15,0,1,2
BRF:2
BRH:1
end_of_record
TN:
SF:src\ForgotPassword.jsx
FN:3,(anonymous_1)
FN:5,(anonymous_2)
FN:3,(anonymous_3)
FNF:3
FNH:0
FNDA:0,(anonymous_1)
FNDA:0,(anonymous_2)
FNDA:0,(anonymous_3)
DA:3,5
DA:4,5
DA:5,0
DA:6,0
DA:45,5
DA:47,5
LF:6
LH:4
BRDA:28,0,0,0
BRDA:28,0,1,0
BRF:2
BRH:0
end_of_record
TN:
SF:src\Header.jsx
FN:5,(anonymous_1)
FN:6,(anonymous_2)
FN:7,(anonymous_3)
FN:8,(anonymous_4)
FN:22,(anonymous_5)
FN:5,(anonymous_6)
FNF:6
FNH:5
FNDA:18,(anonymous_1)
FNDA:22,(anonymous_2)
FNDA:22,(anonymous_3)
FNDA:22,(anonymous_4)
FNDA:0,(anonymous_5)
FNDA:5,(anonymous_6)
DA:5,18
DA:6,22
DA:7,22
DA:8,22
DA:9,18
DA:10,18
DA:23,0
DA:24,0
DA:35,5
DA:37,5
LF:10
LH:8
BRDA:15,0,0,18
BRDA:15,0,1,8
BRF:2
BRH:2
end_of_record
TN:
SF:src\ListItem.jsx
FN:3,ListItem
FNF:1
FNH:1
FNDA:112,ListItem
DA:3,5
DA:4,112
DA:81,5
LF:3
LH:3
BRDA:32,0,0,112
BRDA:32,0,1,108
BRF:2
BRH:2
end_of_record
TN:
SF:src\Login.jsx
FN:7,(anonymous_1)
FN:10,(anonymous_2)
FN:14,(anonymous_3)
FN:7,(anonymous_4)
FNF:4
FNH:4
FNDA:20,(anonymous_1)
FNDA:2,(anonymous_2)
FNDA:22,(anonymous_3)
FNDA:5,(anonymous_4)
DA:7,20
DA:8,20
DA:9,20
DA:10,20
DA:11,2
DA:12,2
DA:14,22
DA:15,20
DA:126,5
DA:128,5
LF:10
LH:10
BRDA:48,0,0,20
BRDA:48,0,1,4
BRDA:69,1,0,20
BRDA:69,1,1,2
BRF:4
BRH:4
end_of_record
TN:
SF:src\main.jsx
FNF:0
FNH:0
DA:10,5
DA:12,5
LF:2
LH:2
BRF:0
BRH:0
end_of_record
TN:
SF:src\store\index.js
FN:8,(anonymous_0)
FN:12,(anonymous_1)
FN:14,(anonymous_2)
FN:15,(anonymous_3)
FNF:4
FNH:3
FNDA:5,(anonymous_0)
FNDA:2,(anonymous_1)
FNDA:0,(anonymous_2)
FNDA:2,(anonymous_3)
DA:6,5
DA:8,5
DA:13,2
DA:14,0
DA:23,2
LF:5
LH:4
BRF:0
BRH:0
end_of_record
TN:
SF:src\store\projects.js
FNF:0
FNH:0
DA:1,5
LF:1
LH:1
BRF:0
BRH:0
end_of_record
